#-----------------------------------------------------------
# Vivado v2019.1 (64-bit)
# SW Build 2552052 on Fri May 24 14:49:42 MDT 2019
# IP Build 2548770 on Fri May 24 18:01:18 MDT 2019
# Start of session at: Thu Nov 23 19:17:07 2023
# Process ID: 15444
# Current directory: F:/year3/Vivadolabs/Key_pad_nov22_9pm
# Command line: vivado.exe -gui_launcher_event rodinguilauncherevent14584 F:\year3\Vivadolabs\Key_pad_nov22_9pm\Key_pad_nov20.xpr
# Log file: F:/year3/Vivadolabs/Key_pad_nov22_9pm/vivado.log
# Journal file: F:/year3/Vivadolabs/Key_pad_nov22_9pm\vivado.jou
#-----------------------------------------------------------
start_gui
open_project F:/year3/Vivadolabs/Key_pad_nov22_9pm/Key_pad_nov20.xpr
Scanning sources...
Finished scanning sources
INFO: [IP_Flow 19-234] Refreshing IP repositories
INFO: [IP_Flow 19-1704] No user IP repositories specified
INFO: [IP_Flow 19-2313] Loaded Vivado IP repository 'C:/Xilinx/Vivado/2019.1/data/ip'.
open_project: Time (s): cpu = 00:00:14 ; elapsed = 00:00:10 . Memory (MB): peak = 732.758 ; gain = 106.867
update_compile_order -fileset sources_1
reset_run impl_1 -prev_step 
launch_runs impl_1 -to_step write_bitstream -jobs 3
[Thu Nov 23 21:06:30 2023] Launched impl_1...
Run output will be captured here: F:/year3/Vivadolabs/Key_pad_nov22_9pm/Key_pad_nov20.runs/impl_1/runme.log
open_hw
connect_hw_server
INFO: [Labtools 27-2285] Connecting to hw_server url TCP:localhost:3121
open_hw_target
INFO: [Labtoolstcl 44-466] Opening hw_target localhost:3121/xilinx_tcf/Digilent/210183B03A5BA
set_property PROGRAM.FILE {F:/year3/Vivadolabs/Key_pad_nov22_9pm/Key_pad_nov20.runs/impl_1/Tod_design_nov20.bit} [get_hw_devices xc7a35t_0]
current_hw_device [get_hw_devices xc7a35t_0]
refresh_hw_device -update_hw_probes false [lindex [get_hw_devices xc7a35t_0] 0]
INFO: [Labtools 27-1434] Device xc7a35t (JTAG device index = 0) is programmed with a design that has no supported debug core(s) in it.
set_property PROBES.FILE {} [get_hw_devices xc7a35t_0]
set_property FULL_PROBES.FILE {} [get_hw_devices xc7a35t_0]
set_property PROGRAM.FILE {F:/year3/Vivadolabs/Key_pad_nov22_9pm/Key_pad_nov20.runs/impl_1/Tod_design_nov20.bit} [get_hw_devices xc7a35t_0]
program_hw_devices [get_hw_devices xc7a35t_0]
INFO: [Labtools 27-3164] End of startup status: HIGH
refresh_hw_device [lindex [get_hw_devices xc7a35t_0] 0]
INFO: [Labtools 27-1434] Device xc7a35t (JTAG device index = 0) is programmed with a design that has no supported debug core(s) in it.
reset_run synth_1
launch_runs impl_1 -to_step write_bitstream -jobs 3
[Thu Nov 23 21:11:35 2023] Launched synth_1...
Run output will be captured here: F:/year3/Vivadolabs/Key_pad_nov22_9pm/Key_pad_nov20.runs/synth_1/runme.log
[Thu Nov 23 21:11:35 2023] Launched impl_1...
Run output will be captured here: F:/year3/Vivadolabs/Key_pad_nov22_9pm/Key_pad_nov20.runs/impl_1/runme.log
set_property PROBES.FILE {} [get_hw_devices xc7a35t_0]
set_property FULL_PROBES.FILE {} [get_hw_devices xc7a35t_0]
set_property PROGRAM.FILE {F:/year3/Vivadolabs/Key_pad_nov22_9pm/Key_pad_nov20.runs/impl_1/Tod_design_nov20.bit} [get_hw_devices xc7a35t_0]
program_hw_devices [get_hw_devices xc7a35t_0]
INFO: [Labtools 27-3164] End of startup status: HIGH
refresh_hw_device [lindex [get_hw_devices xc7a35t_0] 0]
INFO: [Labtools 27-1434] Device xc7a35t (JTAG device index = 0) is programmed with a design that has no supported debug core(s) in it.
close_hw
reset_run synth_1
launch_runs impl_1 -to_step write_bitstream -jobs 3
[Thu Nov 23 21:18:57 2023] Launched synth_1...
Run output will be captured here: F:/year3/Vivadolabs/Key_pad_nov22_9pm/Key_pad_nov20.runs/synth_1/runme.log
[Thu Nov 23 21:18:57 2023] Launched impl_1...
Run output will be captured here: F:/year3/Vivadolabs/Key_pad_nov22_9pm/Key_pad_nov20.runs/impl_1/runme.log
open_hw
connect_hw_server
INFO: [Labtools 27-2285] Connecting to hw_server url TCP:localhost:3121
open_hw_target
INFO: [Labtoolstcl 44-466] Opening hw_target localhost:3121/xilinx_tcf/Digilent/210183B03A5BA
set_property PROGRAM.FILE {F:/year3/Vivadolabs/Key_pad_nov22_9pm/Key_pad_nov20.runs/impl_1/Tod_design_nov20.bit} [get_hw_devices xc7a35t_0]
current_hw_device [get_hw_devices xc7a35t_0]
refresh_hw_device -update_hw_probes false [lindex [get_hw_devices xc7a35t_0] 0]
INFO: [Labtools 27-1434] Device xc7a35t (JTAG device index = 0) is programmed with a design that has no supported debug core(s) in it.
set_property PROBES.FILE {} [get_hw_devices xc7a35t_0]
set_property FULL_PROBES.FILE {} [get_hw_devices xc7a35t_0]
set_property PROGRAM.FILE {F:/year3/Vivadolabs/Key_pad_nov22_9pm/Key_pad_nov20.runs/impl_1/Tod_design_nov20.bit} [get_hw_devices xc7a35t_0]
program_hw_devices [get_hw_devices xc7a35t_0]
INFO: [Labtools 27-3164] End of startup status: HIGH
refresh_hw_device [lindex [get_hw_devices xc7a35t_0] 0]
INFO: [Labtools 27-1434] Device xc7a35t (JTAG device index = 0) is programmed with a design that has no supported debug core(s) in it.
reset_run impl_1 -prev_step 
launch_runs impl_1 -to_step write_bitstream -jobs 3
[Thu Nov 23 21:24:05 2023] Launched impl_1...
Run output will be captured here: F:/year3/Vivadolabs/Key_pad_nov22_9pm/Key_pad_nov20.runs/impl_1/runme.log
reset_run synth_1
launch_runs impl_1 -to_step write_bitstream -jobs 3
[Thu Nov 23 21:36:55 2023] Launched synth_1...
Run output will be captured here: F:/year3/Vivadolabs/Key_pad_nov22_9pm/Key_pad_nov20.runs/synth_1/runme.log
[Thu Nov 23 21:36:55 2023] Launched impl_1...
Run output will be captured here: F:/year3/Vivadolabs/Key_pad_nov22_9pm/Key_pad_nov20.runs/impl_1/runme.log
set_property PROBES.FILE {} [get_hw_devices xc7a35t_0]
set_property FULL_PROBES.FILE {} [get_hw_devices xc7a35t_0]
set_property PROGRAM.FILE {F:/year3/Vivadolabs/Key_pad_nov22_9pm/Key_pad_nov20.runs/impl_1/Tod_design_nov20.bit} [get_hw_devices xc7a35t_0]
program_hw_devices [get_hw_devices xc7a35t_0]
INFO: [Labtools 27-3164] End of startup status: HIGH
refresh_hw_device [lindex [get_hw_devices xc7a35t_0] 0]
INFO: [Labtools 27-1434] Device xc7a35t (JTAG device index = 0) is programmed with a design that has no supported debug core(s) in it.
reset_run impl_1 -prev_step 
launch_runs impl_1 -to_step write_bitstream -jobs 3
[Thu Nov 23 21:40:53 2023] Launched impl_1...
Run output will be captured here: F:/year3/Vivadolabs/Key_pad_nov22_9pm/Key_pad_nov20.runs/impl_1/runme.log
set_property PROBES.FILE {} [get_hw_devices xc7a35t_0]
set_property FULL_PROBES.FILE {} [get_hw_devices xc7a35t_0]
set_property PROGRAM.FILE {F:/year3/Vivadolabs/Key_pad_nov22_9pm/Key_pad_nov20.runs/impl_1/Tod_design_nov20.bit} [get_hw_devices xc7a35t_0]
program_hw_devices [get_hw_devices xc7a35t_0]
INFO: [Labtools 27-3164] End of startup status: HIGH
refresh_hw_device [lindex [get_hw_devices xc7a35t_0] 0]
INFO: [Labtools 27-1434] Device xc7a35t (JTAG device index = 0) is programmed with a design that has no supported debug core(s) in it.
reset_run synth_1
launch_runs impl_1 -to_step write_bitstream -jobs 3
[Thu Nov 23 21:43:45 2023] Launched synth_1...
Run output will be captured here: F:/year3/Vivadolabs/Key_pad_nov22_9pm/Key_pad_nov20.runs/synth_1/runme.log
[Thu Nov 23 21:43:45 2023] Launched impl_1...
Run output will be captured here: F:/year3/Vivadolabs/Key_pad_nov22_9pm/Key_pad_nov20.runs/impl_1/runme.log
set_property PROBES.FILE {} [get_hw_devices xc7a35t_0]
set_property FULL_PROBES.FILE {} [get_hw_devices xc7a35t_0]
set_property PROGRAM.FILE {F:/year3/Vivadolabs/Key_pad_nov22_9pm/Key_pad_nov20.runs/impl_1/Tod_design_nov20.bit} [get_hw_devices xc7a35t_0]
program_hw_devices [get_hw_devices xc7a35t_0]
INFO: [Labtools 27-3164] End of startup status: HIGH
refresh_hw_device [lindex [get_hw_devices xc7a35t_0] 0]
INFO: [Labtools 27-1434] Device xc7a35t (JTAG device index = 0) is programmed with a design that has no supported debug core(s) in it.
reset_run synth_1
launch_runs impl_1 -to_step write_bitstream -jobs 3
[Thu Nov 23 21:47:01 2023] Launched synth_1...
Run output will be captured here: F:/year3/Vivadolabs/Key_pad_nov22_9pm/Key_pad_nov20.runs/synth_1/runme.log
[Thu Nov 23 21:47:01 2023] Launched impl_1...
Run output will be captured here: F:/year3/Vivadolabs/Key_pad_nov22_9pm/Key_pad_nov20.runs/impl_1/runme.log
set_property PROBES.FILE {} [get_hw_devices xc7a35t_0]
set_property FULL_PROBES.FILE {} [get_hw_devices xc7a35t_0]
set_property PROGRAM.FILE {F:/year3/Vivadolabs/Key_pad_nov22_9pm/Key_pad_nov20.runs/impl_1/Tod_design_nov20.bit} [get_hw_devices xc7a35t_0]
program_hw_devices [get_hw_devices xc7a35t_0]
INFO: [Labtools 27-3164] End of startup status: HIGH
refresh_hw_device [lindex [get_hw_devices xc7a35t_0] 0]
INFO: [Labtools 27-1434] Device xc7a35t (JTAG device index = 0) is programmed with a design that has no supported debug core(s) in it.
reset_run synth_1
launch_runs impl_1 -to_step write_bitstream -jobs 3
[Thu Nov 23 22:00:16 2023] Launched synth_1...
Run output will be captured here: F:/year3/Vivadolabs/Key_pad_nov22_9pm/Key_pad_nov20.runs/synth_1/runme.log
[Thu Nov 23 22:00:16 2023] Launched impl_1...
Run output will be captured here: F:/year3/Vivadolabs/Key_pad_nov22_9pm/Key_pad_nov20.runs/impl_1/runme.log
set_property PROBES.FILE {} [get_hw_devices xc7a35t_0]
set_property FULL_PROBES.FILE {} [get_hw_devices xc7a35t_0]
set_property PROGRAM.FILE {F:/year3/Vivadolabs/Key_pad_nov22_9pm/Key_pad_nov20.runs/impl_1/Tod_design_nov20.bit} [get_hw_devices xc7a35t_0]
program_hw_devices [get_hw_devices xc7a35t_0]
INFO: [Labtools 27-3164] End of startup status: HIGH
refresh_hw_device [lindex [get_hw_devices xc7a35t_0] 0]
INFO: [Labtools 27-1434] Device xc7a35t (JTAG device index = 0) is programmed with a design that has no supported debug core(s) in it.
reset_run synth_1
launch_runs impl_1 -to_step write_bitstream -jobs 3
[Thu Nov 23 22:04:30 2023] Launched synth_1...
Run output will be captured here: F:/year3/Vivadolabs/Key_pad_nov22_9pm/Key_pad_nov20.runs/synth_1/runme.log
[Thu Nov 23 22:04:30 2023] Launched impl_1...
Run output will be captured here: F:/year3/Vivadolabs/Key_pad_nov22_9pm/Key_pad_nov20.runs/impl_1/runme.log
set_property PROBES.FILE {} [get_hw_devices xc7a35t_0]
set_property FULL_PROBES.FILE {} [get_hw_devices xc7a35t_0]
set_property PROGRAM.FILE {F:/year3/Vivadolabs/Key_pad_nov22_9pm/Key_pad_nov20.runs/impl_1/Tod_design_nov20.bit} [get_hw_devices xc7a35t_0]
program_hw_devices [get_hw_devices xc7a35t_0]
INFO: [Labtools 27-3164] End of startup status: HIGH
refresh_hw_device [lindex [get_hw_devices xc7a35t_0] 0]
INFO: [Labtools 27-1434] Device xc7a35t (JTAG device index = 0) is programmed with a design that has no supported debug core(s) in it.
ERROR: [Labtoolstcl 44-513] HW Target shutdown. Closing target: localhost:3121/xilinx_tcf/Digilent/210183B03A5BA
INFO: [Labtoolstcl 44-466] Opening hw_target localhost:3121/xilinx_tcf/Digilent/210183B03A5BA
INFO: [Labtools 27-1434] Device xc7a35t (JTAG device index = 0) is programmed with a design that has no supported debug core(s) in it.
WARNING: [Labtoolstcl 44-129] No matching hw_ila_data was found.
reset_run impl_1 -prev_step 
launch_runs impl_1 -to_step write_bitstream -jobs 3
[Thu Nov 23 22:07:09 2023] Launched impl_1...
Run output will be captured here: F:/year3/Vivadolabs/Key_pad_nov22_9pm/Key_pad_nov20.runs/impl_1/runme.log
set_property PROBES.FILE {} [get_hw_devices xc7a35t_0]
set_property FULL_PROBES.FILE {} [get_hw_devices xc7a35t_0]
set_property PROGRAM.FILE {F:/year3/Vivadolabs/Key_pad_nov22_9pm/Key_pad_nov20.runs/impl_1/Tod_design_nov20.bit} [get_hw_devices xc7a35t_0]
program_hw_devices [get_hw_devices xc7a35t_0]
INFO: [Labtools 27-3164] End of startup status: HIGH
refresh_hw_device [lindex [get_hw_devices xc7a35t_0] 0]
INFO: [Labtools 27-1434] Device xc7a35t (JTAG device index = 0) is programmed with a design that has no supported debug core(s) in it.
reset_run synth_1
launch_runs impl_1 -to_step write_bitstream -jobs 3
[Thu Nov 23 22:17:43 2023] Launched synth_1...
Run output will be captured here: F:/year3/Vivadolabs/Key_pad_nov22_9pm/Key_pad_nov20.runs/synth_1/runme.log
[Thu Nov 23 22:17:43 2023] Launched impl_1...
Run output will be captured here: F:/year3/Vivadolabs/Key_pad_nov22_9pm/Key_pad_nov20.runs/impl_1/runme.log
set_property PROBES.FILE {} [get_hw_devices xc7a35t_0]
set_property FULL_PROBES.FILE {} [get_hw_devices xc7a35t_0]
set_property PROGRAM.FILE {F:/year3/Vivadolabs/Key_pad_nov22_9pm/Key_pad_nov20.runs/impl_1/Tod_design_nov20.bit} [get_hw_devices xc7a35t_0]
program_hw_devices [get_hw_devices xc7a35t_0]
INFO: [Labtools 27-3164] End of startup status: HIGH
refresh_hw_device [lindex [get_hw_devices xc7a35t_0] 0]
INFO: [Labtools 27-1434] Device xc7a35t (JTAG device index = 0) is programmed with a design that has no supported debug core(s) in it.
reset_run synth_1
launch_runs impl_1 -to_step write_bitstream -jobs 3
[Thu Nov 23 22:21:36 2023] Launched synth_1...
Run output will be captured here: F:/year3/Vivadolabs/Key_pad_nov22_9pm/Key_pad_nov20.runs/synth_1/runme.log
[Thu Nov 23 22:21:36 2023] Launched impl_1...
Run output will be captured here: F:/year3/Vivadolabs/Key_pad_nov22_9pm/Key_pad_nov20.runs/impl_1/runme.log
set_property PROBES.FILE {} [get_hw_devices xc7a35t_0]
set_property FULL_PROBES.FILE {} [get_hw_devices xc7a35t_0]
set_property PROGRAM.FILE {F:/year3/Vivadolabs/Key_pad_nov22_9pm/Key_pad_nov20.runs/impl_1/Tod_design_nov20.bit} [get_hw_devices xc7a35t_0]
program_hw_devices [get_hw_devices xc7a35t_0]
INFO: [Labtools 27-3164] End of startup status: HIGH
refresh_hw_device [lindex [get_hw_devices xc7a35t_0] 0]
INFO: [Labtools 27-1434] Device xc7a35t (JTAG device index = 0) is programmed with a design that has no supported debug core(s) in it.
reset_run synth_1
launch_runs impl_1 -to_step write_bitstream -jobs 3
[Thu Nov 23 22:37:27 2023] Launched synth_1...
Run output will be captured here: F:/year3/Vivadolabs/Key_pad_nov22_9pm/Key_pad_nov20.runs/synth_1/runme.log
[Thu Nov 23 22:37:27 2023] Launched impl_1...
Run output will be captured here: F:/year3/Vivadolabs/Key_pad_nov22_9pm/Key_pad_nov20.runs/impl_1/runme.log
reset_run synth_1
launch_runs impl_1 -to_step write_bitstream -jobs 3
[Thu Nov 23 22:46:48 2023] Launched synth_1...
Run output will be captured here: F:/year3/Vivadolabs/Key_pad_nov22_9pm/Key_pad_nov20.runs/synth_1/runme.log
[Thu Nov 23 22:46:48 2023] Launched impl_1...
Run output will be captured here: F:/year3/Vivadolabs/Key_pad_nov22_9pm/Key_pad_nov20.runs/impl_1/runme.log
update_compile_order -fileset sources_1
reset_run synth_1
launch_runs impl_1 -to_step write_bitstream -jobs 3
[Thu Nov 23 22:49:47 2023] Launched synth_1...
Run output will be captured here: F:/year3/Vivadolabs/Key_pad_nov22_9pm/Key_pad_nov20.runs/synth_1/runme.log
[Thu Nov 23 22:49:47 2023] Launched impl_1...
Run output will be captured here: F:/year3/Vivadolabs/Key_pad_nov22_9pm/Key_pad_nov20.runs/impl_1/runme.log
reset_run synth_1
launch_runs impl_1 -to_step write_bitstream -jobs 3
[Thu Nov 23 22:50:21 2023] Launched synth_1...
Run output will be captured here: F:/year3/Vivadolabs/Key_pad_nov22_9pm/Key_pad_nov20.runs/synth_1/runme.log
[Thu Nov 23 22:50:21 2023] Launched impl_1...
Run output will be captured here: F:/year3/Vivadolabs/Key_pad_nov22_9pm/Key_pad_nov20.runs/impl_1/runme.log
set_property PROBES.FILE {} [get_hw_devices xc7a35t_0]
set_property FULL_PROBES.FILE {} [get_hw_devices xc7a35t_0]
set_property PROGRAM.FILE {F:/year3/Vivadolabs/Key_pad_nov22_9pm/Key_pad_nov20.runs/impl_1/Tod_design_nov20.bit} [get_hw_devices xc7a35t_0]
program_hw_devices [get_hw_devices xc7a35t_0]
INFO: [Labtools 27-3164] End of startup status: HIGH
refresh_hw_device [lindex [get_hw_devices xc7a35t_0] 0]
INFO: [Labtools 27-1434] Device xc7a35t (JTAG device index = 0) is programmed with a design that has no supported debug core(s) in it.
