#-----------------------------------------------------------
# Vivado v2019.1 (64-bit)
# SW Build 2552052 on Fri May 24 14:49:42 MDT 2019
# IP Build 2548770 on Fri May 24 18:01:18 MDT 2019
# Start of session at: Wed Nov 22 17:16:26 2023
# Process ID: 7924
# Current directory: F:/year3/Vivadolabs/Key_pad_nov20
# Command line: vivado.exe -gui_launcher_event rodinguilauncherevent148 F:\year3\Vivadolabs\Key_pad_nov20\Key_pad_nov20.xpr
# Log file: F:/year3/Vivadolabs/Key_pad_nov20/vivado.log
# Journal file: F:/year3/Vivadolabs/Key_pad_nov20\vivado.jou
#-----------------------------------------------------------
start_gui
open_project F:/year3/Vivadolabs/Key_pad_nov20/Key_pad_nov20.xpr
Scanning sources...
Finished scanning sources
INFO: [IP_Flow 19-234] Refreshing IP repositories
INFO: [IP_Flow 19-1704] No user IP repositories specified
INFO: [IP_Flow 19-2313] Loaded Vivado IP repository 'C:/Xilinx/Vivado/2019.1/data/ip'.
open_project: Time (s): cpu = 00:00:16 ; elapsed = 00:00:12 . Memory (MB): peak = 752.070 ; gain = 146.129
update_compile_order -fileset sources_1
reset_run synth_1
launch_runs synth_1 -jobs 3
[Wed Nov 22 17:28:30 2023] Launched synth_1...
Run output will be captured here: F:/year3/Vivadolabs/Key_pad_nov20/Key_pad_nov20.runs/synth_1/runme.log
launch_runs: Time (s): cpu = 00:00:00 ; elapsed = 00:00:05 . Memory (MB): peak = 789.629 ; gain = 0.000
launch_runs impl_1 -jobs 3
[Wed Nov 22 17:29:23 2023] Launched impl_1...
Run output will be captured here: F:/year3/Vivadolabs/Key_pad_nov20/Key_pad_nov20.runs/impl_1/runme.log
launch_runs impl_1 -to_step write_bitstream -jobs 3
[Wed Nov 22 17:30:34 2023] Launched impl_1...
Run output will be captured here: F:/year3/Vivadolabs/Key_pad_nov20/Key_pad_nov20.runs/impl_1/runme.log
open_hw
connect_hw_server
INFO: [Labtools 27-2285] Connecting to hw_server url TCP:localhost:3121
INFO: [Labtools 27-2222] Launching hw_server...
INFO: [Labtools 27-2221] Launch Output:

****** Xilinx hw_server v2019.1
  **** Build date : May 24 2019 at 15:13:31
    ** Copyright 1986-2019 Xilinx, Inc. All Rights Reserved.


connect_hw_server: Time (s): cpu = 00:00:00 ; elapsed = 00:00:06 . Memory (MB): peak = 803.969 ; gain = 13.875
open_hw_target
INFO: [Labtoolstcl 44-466] Opening hw_target localhost:3121/xilinx_tcf/Digilent/210183B03A5BA
set_property PROGRAM.FILE {F:/year3/Vivadolabs/Key_pad_nov20/Key_pad_nov20.runs/impl_1/Tod_design_nov20.bit} [get_hw_devices xc7a35t_0]
current_hw_device [get_hw_devices xc7a35t_0]
refresh_hw_device -update_hw_probes false [lindex [get_hw_devices xc7a35t_0] 0]
INFO: [Labtools 27-1434] Device xc7a35t (JTAG device index = 0) is programmed with a design that has no supported debug core(s) in it.
set_property PROBES.FILE {} [get_hw_devices xc7a35t_0]
set_property FULL_PROBES.FILE {} [get_hw_devices xc7a35t_0]
set_property PROGRAM.FILE {F:/year3/Vivadolabs/Key_pad_nov20/Key_pad_nov20.runs/impl_1/Tod_design_nov20.bit} [get_hw_devices xc7a35t_0]
program_hw_devices [get_hw_devices xc7a35t_0]
INFO: [Labtools 27-3164] End of startup status: HIGH
refresh_hw_device [lindex [get_hw_devices xc7a35t_0] 0]
INFO: [Labtools 27-1434] Device xc7a35t (JTAG device index = 0) is programmed with a design that has no supported debug core(s) in it.
reset_run synth_1
launch_runs impl_1 -to_step write_bitstream -jobs 3
[Wed Nov 22 17:39:08 2023] Launched synth_1...
Run output will be captured here: F:/year3/Vivadolabs/Key_pad_nov20/Key_pad_nov20.runs/synth_1/runme.log
[Wed Nov 22 17:39:08 2023] Launched impl_1...
Run output will be captured here: F:/year3/Vivadolabs/Key_pad_nov20/Key_pad_nov20.runs/impl_1/runme.log
reset_run synth_1
launch_runs impl_1 -to_step write_bitstream -jobs 3
[Wed Nov 22 17:44:02 2023] Launched synth_1...
Run output will be captured here: F:/year3/Vivadolabs/Key_pad_nov20/Key_pad_nov20.runs/synth_1/runme.log
[Wed Nov 22 17:44:02 2023] Launched impl_1...
Run output will be captured here: F:/year3/Vivadolabs/Key_pad_nov20/Key_pad_nov20.runs/impl_1/runme.log
set_property PROBES.FILE {} [get_hw_devices xc7a35t_0]
set_property FULL_PROBES.FILE {} [get_hw_devices xc7a35t_0]
set_property PROGRAM.FILE {F:/year3/Vivadolabs/Key_pad_nov20/Key_pad_nov20.runs/impl_1/Tod_design_nov20.bit} [get_hw_devices xc7a35t_0]
program_hw_devices [get_hw_devices xc7a35t_0]
INFO: [Labtools 27-3164] End of startup status: HIGH
refresh_hw_device [lindex [get_hw_devices xc7a35t_0] 0]
INFO: [Labtools 27-1434] Device xc7a35t (JTAG device index = 0) is programmed with a design that has no supported debug core(s) in it.
reset_run impl_1 -prev_step 
launch_runs impl_1 -to_step write_bitstream -jobs 3
[Wed Nov 22 17:49:41 2023] Launched impl_1...
Run output will be captured here: F:/year3/Vivadolabs/Key_pad_nov20/Key_pad_nov20.runs/impl_1/runme.log
set_property PROBES.FILE {} [get_hw_devices xc7a35t_0]
set_property FULL_PROBES.FILE {} [get_hw_devices xc7a35t_0]
set_property PROGRAM.FILE {F:/year3/Vivadolabs/Key_pad_nov20/Key_pad_nov20.runs/impl_1/Tod_design_nov20.bit} [get_hw_devices xc7a35t_0]
program_hw_devices [get_hw_devices xc7a35t_0]
INFO: [Labtools 27-3164] End of startup status: HIGH
refresh_hw_device [lindex [get_hw_devices xc7a35t_0] 0]
INFO: [Labtools 27-1434] Device xc7a35t (JTAG device index = 0) is programmed with a design that has no supported debug core(s) in it.
reset_run synth_1
launch_runs impl_1 -to_step write_bitstream -jobs 3
[Wed Nov 22 17:56:24 2023] Launched synth_1...
Run output will be captured here: F:/year3/Vivadolabs/Key_pad_nov20/Key_pad_nov20.runs/synth_1/runme.log
[Wed Nov 22 17:56:24 2023] Launched impl_1...
Run output will be captured here: F:/year3/Vivadolabs/Key_pad_nov20/Key_pad_nov20.runs/impl_1/runme.log
set_property PROBES.FILE {} [get_hw_devices xc7a35t_0]
set_property FULL_PROBES.FILE {} [get_hw_devices xc7a35t_0]
set_property PROGRAM.FILE {F:/year3/Vivadolabs/Key_pad_nov20/Key_pad_nov20.runs/impl_1/Tod_design_nov20.bit} [get_hw_devices xc7a35t_0]
program_hw_devices [get_hw_devices xc7a35t_0]
INFO: [Labtools 27-3164] End of startup status: HIGH
refresh_hw_device [lindex [get_hw_devices xc7a35t_0] 0]
INFO: [Labtools 27-1434] Device xc7a35t (JTAG device index = 0) is programmed with a design that has no supported debug core(s) in it.
refresh_hw_device [lindex [get_hw_devices xc7a35t_0] 0]
INFO: [Labtools 27-1434] Device xc7a35t (JTAG device index = 0) is programmed with a design that has no supported debug core(s) in it.
set_property PROBES.FILE {} [get_hw_devices xc7a35t_0]
set_property FULL_PROBES.FILE {} [get_hw_devices xc7a35t_0]
set_property PROGRAM.FILE {F:/year3/Vivadolabs/Key_pad_nov20/Key_pad_nov20.runs/impl_1/Tod_design_nov20.bit} [get_hw_devices xc7a35t_0]
program_hw_devices [get_hw_devices xc7a35t_0]
INFO: [Labtools 27-3164] End of startup status: HIGH
refresh_hw_device [lindex [get_hw_devices xc7a35t_0] 0]
INFO: [Labtools 27-1434] Device xc7a35t (JTAG device index = 0) is programmed with a design that has no supported debug core(s) in it.
ERROR: [Labtoolstcl 44-513] HW Target shutdown. Closing target: localhost:3121/xilinx_tcf/Digilent/210183B03A5BA
INFO: [Labtoolstcl 44-466] Opening hw_target localhost:3121/xilinx_tcf/Digilent/210183B03A5BA
INFO: [Labtools 27-1434] Device xc7a35t (JTAG device index = 0) is programmed with a design that has no supported debug core(s) in it.
WARNING: [Labtoolstcl 44-129] No matching hw_ila_data was found.
reset_run impl_1 -prev_step 
launch_runs impl_1 -to_step write_bitstream -jobs 3
[Wed Nov 22 18:00:40 2023] Launched impl_1...
Run output will be captured here: F:/year3/Vivadolabs/Key_pad_nov20/Key_pad_nov20.runs/impl_1/runme.log
set_property PROBES.FILE {} [get_hw_devices xc7a35t_0]
set_property FULL_PROBES.FILE {} [get_hw_devices xc7a35t_0]
set_property PROGRAM.FILE {F:/year3/Vivadolabs/Key_pad_nov20/Key_pad_nov20.runs/impl_1/Tod_design_nov20.bit} [get_hw_devices xc7a35t_0]
program_hw_devices [get_hw_devices xc7a35t_0]
INFO: [Labtools 27-3164] End of startup status: HIGH
refresh_hw_device [lindex [get_hw_devices xc7a35t_0] 0]
INFO: [Labtools 27-1434] Device xc7a35t (JTAG device index = 0) is programmed with a design that has no supported debug core(s) in it.
reset_run synth_1
launch_runs impl_1 -to_step write_bitstream -jobs 3
[Wed Nov 22 18:08:39 2023] Launched synth_1...
Run output will be captured here: F:/year3/Vivadolabs/Key_pad_nov20/Key_pad_nov20.runs/synth_1/runme.log
[Wed Nov 22 18:08:39 2023] Launched impl_1...
Run output will be captured here: F:/year3/Vivadolabs/Key_pad_nov20/Key_pad_nov20.runs/impl_1/runme.log
set_property PROBES.FILE {} [get_hw_devices xc7a35t_0]
set_property FULL_PROBES.FILE {} [get_hw_devices xc7a35t_0]
set_property PROGRAM.FILE {F:/year3/Vivadolabs/Key_pad_nov20/Key_pad_nov20.runs/impl_1/Tod_design_nov20.bit} [get_hw_devices xc7a35t_0]
program_hw_devices [get_hw_devices xc7a35t_0]
INFO: [Labtools 27-3164] End of startup status: HIGH
refresh_hw_device [lindex [get_hw_devices xc7a35t_0] 0]
INFO: [Labtools 27-1434] Device xc7a35t (JTAG device index = 0) is programmed with a design that has no supported debug core(s) in it.
reset_run synth_1
launch_runs impl_1 -to_step write_bitstream -jobs 3
[Wed Nov 22 18:13:04 2023] Launched synth_1...
Run output will be captured here: F:/year3/Vivadolabs/Key_pad_nov20/Key_pad_nov20.runs/synth_1/runme.log
[Wed Nov 22 18:13:04 2023] Launched impl_1...
Run output will be captured here: F:/year3/Vivadolabs/Key_pad_nov20/Key_pad_nov20.runs/impl_1/runme.log
set_property PROBES.FILE {} [get_hw_devices xc7a35t_0]
set_property FULL_PROBES.FILE {} [get_hw_devices xc7a35t_0]
set_property PROGRAM.FILE {F:/year3/Vivadolabs/Key_pad_nov20/Key_pad_nov20.runs/impl_1/Tod_design_nov20.bit} [get_hw_devices xc7a35t_0]
program_hw_devices [get_hw_devices xc7a35t_0]
INFO: [Labtools 27-3164] End of startup status: HIGH
refresh_hw_device [lindex [get_hw_devices xc7a35t_0] 0]
INFO: [Labtools 27-1434] Device xc7a35t (JTAG device index = 0) is programmed with a design that has no supported debug core(s) in it.
reset_run synth_1
launch_runs impl_1 -to_step write_bitstream -jobs 3
[Wed Nov 22 18:17:01 2023] Launched synth_1...
Run output will be captured here: F:/year3/Vivadolabs/Key_pad_nov20/Key_pad_nov20.runs/synth_1/runme.log
[Wed Nov 22 18:17:01 2023] Launched impl_1...
Run output will be captured here: F:/year3/Vivadolabs/Key_pad_nov20/Key_pad_nov20.runs/impl_1/runme.log
set_property PROBES.FILE {} [get_hw_devices xc7a35t_0]
set_property FULL_PROBES.FILE {} [get_hw_devices xc7a35t_0]
set_property PROGRAM.FILE {F:/year3/Vivadolabs/Key_pad_nov20/Key_pad_nov20.runs/impl_1/Tod_design_nov20.bit} [get_hw_devices xc7a35t_0]
program_hw_devices [get_hw_devices xc7a35t_0]
INFO: [Labtools 27-3164] End of startup status: HIGH
refresh_hw_device [lindex [get_hw_devices xc7a35t_0] 0]
INFO: [Labtools 27-1434] Device xc7a35t (JTAG device index = 0) is programmed with a design that has no supported debug core(s) in it.
reset_run synth_1
launch_runs impl_1 -to_step write_bitstream -jobs 3
[Wed Nov 22 18:20:46 2023] Launched synth_1...
Run output will be captured here: F:/year3/Vivadolabs/Key_pad_nov20/Key_pad_nov20.runs/synth_1/runme.log
[Wed Nov 22 18:20:46 2023] Launched impl_1...
Run output will be captured here: F:/year3/Vivadolabs/Key_pad_nov20/Key_pad_nov20.runs/impl_1/runme.log
set_property PROBES.FILE {} [get_hw_devices xc7a35t_0]
set_property FULL_PROBES.FILE {} [get_hw_devices xc7a35t_0]
set_property PROGRAM.FILE {F:/year3/Vivadolabs/Key_pad_nov20/Key_pad_nov20.runs/impl_1/Tod_design_nov20.bit} [get_hw_devices xc7a35t_0]
program_hw_devices [get_hw_devices xc7a35t_0]
INFO: [Labtools 27-3164] End of startup status: HIGH
refresh_hw_device [lindex [get_hw_devices xc7a35t_0] 0]
INFO: [Labtools 27-1434] Device xc7a35t (JTAG device index = 0) is programmed with a design that has no supported debug core(s) in it.
reset_run synth_1
launch_runs impl_1 -to_step write_bitstream -jobs 3
[Wed Nov 22 18:25:02 2023] Launched synth_1...
Run output will be captured here: F:/year3/Vivadolabs/Key_pad_nov20/Key_pad_nov20.runs/synth_1/runme.log
[Wed Nov 22 18:25:02 2023] Launched impl_1...
Run output will be captured here: F:/year3/Vivadolabs/Key_pad_nov20/Key_pad_nov20.runs/impl_1/runme.log
set_property PROBES.FILE {} [get_hw_devices xc7a35t_0]
set_property FULL_PROBES.FILE {} [get_hw_devices xc7a35t_0]
set_property PROGRAM.FILE {F:/year3/Vivadolabs/Key_pad_nov20/Key_pad_nov20.runs/impl_1/Tod_design_nov20.bit} [get_hw_devices xc7a35t_0]
program_hw_devices [get_hw_devices xc7a35t_0]
INFO: [Labtools 27-3164] End of startup status: HIGH
refresh_hw_device [lindex [get_hw_devices xc7a35t_0] 0]
INFO: [Labtools 27-1434] Device xc7a35t (JTAG device index = 0) is programmed with a design that has no supported debug core(s) in it.
reset_run synth_1
launch_runs impl_1 -to_step write_bitstream -jobs 3
[Wed Nov 22 18:28:20 2023] Launched synth_1...
Run output will be captured here: F:/year3/Vivadolabs/Key_pad_nov20/Key_pad_nov20.runs/synth_1/runme.log
[Wed Nov 22 18:28:20 2023] Launched impl_1...
Run output will be captured here: F:/year3/Vivadolabs/Key_pad_nov20/Key_pad_nov20.runs/impl_1/runme.log
set_property PROBES.FILE {} [get_hw_devices xc7a35t_0]
set_property FULL_PROBES.FILE {} [get_hw_devices xc7a35t_0]
set_property PROGRAM.FILE {F:/year3/Vivadolabs/Key_pad_nov20/Key_pad_nov20.runs/impl_1/Tod_design_nov20.bit} [get_hw_devices xc7a35t_0]
program_hw_devices [get_hw_devices xc7a35t_0]
INFO: [Labtools 27-3164] End of startup status: HIGH
refresh_hw_device [lindex [get_hw_devices xc7a35t_0] 0]
INFO: [Labtools 27-1434] Device xc7a35t (JTAG device index = 0) is programmed with a design that has no supported debug core(s) in it.
reset_run synth_1
launch_runs impl_1 -to_step write_bitstream -jobs 3
[Wed Nov 22 18:35:02 2023] Launched synth_1...
Run output will be captured here: F:/year3/Vivadolabs/Key_pad_nov20/Key_pad_nov20.runs/synth_1/runme.log
[Wed Nov 22 18:35:02 2023] Launched impl_1...
Run output will be captured here: F:/year3/Vivadolabs/Key_pad_nov20/Key_pad_nov20.runs/impl_1/runme.log
set_property PROBES.FILE {} [get_hw_devices xc7a35t_0]
set_property FULL_PROBES.FILE {} [get_hw_devices xc7a35t_0]
set_property PROGRAM.FILE {F:/year3/Vivadolabs/Key_pad_nov20/Key_pad_nov20.runs/impl_1/Tod_design_nov20.bit} [get_hw_devices xc7a35t_0]
program_hw_devices [get_hw_devices xc7a35t_0]
INFO: [Labtools 27-3164] End of startup status: HIGH
refresh_hw_device [lindex [get_hw_devices xc7a35t_0] 0]
INFO: [Labtools 27-1434] Device xc7a35t (JTAG device index = 0) is programmed with a design that has no supported debug core(s) in it.
reset_run synth_1
launch_runs impl_1 -to_step write_bitstream -jobs 3
[Wed Nov 22 18:48:41 2023] Launched synth_1...
Run output will be captured here: F:/year3/Vivadolabs/Key_pad_nov20/Key_pad_nov20.runs/synth_1/runme.log
[Wed Nov 22 18:48:41 2023] Launched impl_1...
Run output will be captured here: F:/year3/Vivadolabs/Key_pad_nov20/Key_pad_nov20.runs/impl_1/runme.log
close_hw
reset_run synth_1
launch_runs impl_1 -to_step write_bitstream -jobs 3
[Wed Nov 22 18:51:24 2023] Launched synth_1...
Run output will be captured here: F:/year3/Vivadolabs/Key_pad_nov20/Key_pad_nov20.runs/synth_1/runme.log
[Wed Nov 22 18:51:24 2023] Launched impl_1...
Run output will be captured here: F:/year3/Vivadolabs/Key_pad_nov20/Key_pad_nov20.runs/impl_1/runme.log
reset_run synth_1
launch_runs impl_1 -to_step write_bitstream -jobs 3
[Wed Nov 22 18:53:39 2023] Launched synth_1...
Run output will be captured here: F:/year3/Vivadolabs/Key_pad_nov20/Key_pad_nov20.runs/synth_1/runme.log
[Wed Nov 22 18:53:39 2023] Launched impl_1...
Run output will be captured here: F:/year3/Vivadolabs/Key_pad_nov20/Key_pad_nov20.runs/impl_1/runme.log
open_hw
connect_hw_server
INFO: [Labtools 27-2285] Connecting to hw_server url TCP:localhost:3121
INFO: [Labtools 27-2222] Launching hw_server...
INFO: [Labtools 27-2221] Launch Output:

****** Xilinx hw_server v2019.1
  **** Build date : May 24 2019 at 15:13:31
    ** Copyright 1986-2019 Xilinx, Inc. All Rights Reserved.


connect_hw_server: Time (s): cpu = 00:00:01 ; elapsed = 00:00:06 . Memory (MB): peak = 2446.812 ; gain = 0.000
open_hw_target
INFO: [Labtoolstcl 44-466] Opening hw_target localhost:3121/xilinx_tcf/Digilent/210183B03A5BA
set_property PROGRAM.FILE {F:/year3/Vivadolabs/Key_pad_nov20/Key_pad_nov20.runs/impl_1/Tod_design_nov20.bit} [get_hw_devices xc7a35t_0]
current_hw_device [get_hw_devices xc7a35t_0]
refresh_hw_device -update_hw_probes false [lindex [get_hw_devices xc7a35t_0] 0]
INFO: [Labtools 27-1434] Device xc7a35t (JTAG device index = 0) is programmed with a design that has no supported debug core(s) in it.
set_property PROBES.FILE {} [get_hw_devices xc7a35t_0]
set_property FULL_PROBES.FILE {} [get_hw_devices xc7a35t_0]
set_property PROGRAM.FILE {F:/year3/Vivadolabs/Key_pad_nov20/Key_pad_nov20.runs/impl_1/Tod_design_nov20.bit} [get_hw_devices xc7a35t_0]
program_hw_devices [get_hw_devices xc7a35t_0]
INFO: [Labtools 27-3164] End of startup status: HIGH
refresh_hw_device [lindex [get_hw_devices xc7a35t_0] 0]
INFO: [Labtools 27-1434] Device xc7a35t (JTAG device index = 0) is programmed with a design that has no supported debug core(s) in it.
reset_run synth_1
launch_runs impl_1 -to_step write_bitstream -jobs 3
[Wed Nov 22 19:06:19 2023] Launched synth_1...
Run output will be captured here: F:/year3/Vivadolabs/Key_pad_nov20/Key_pad_nov20.runs/synth_1/runme.log
[Wed Nov 22 19:06:19 2023] Launched impl_1...
Run output will be captured here: F:/year3/Vivadolabs/Key_pad_nov20/Key_pad_nov20.runs/impl_1/runme.log
set_property PROBES.FILE {} [get_hw_devices xc7a35t_0]
set_property FULL_PROBES.FILE {} [get_hw_devices xc7a35t_0]
set_property PROGRAM.FILE {F:/year3/Vivadolabs/Key_pad_nov20/Key_pad_nov20.runs/impl_1/Tod_design_nov20.bit} [get_hw_devices xc7a35t_0]
program_hw_devices [get_hw_devices xc7a35t_0]
INFO: [Labtools 27-3164] End of startup status: HIGH
refresh_hw_device [lindex [get_hw_devices xc7a35t_0] 0]
INFO: [Labtools 27-1434] Device xc7a35t (JTAG device index = 0) is programmed with a design that has no supported debug core(s) in it.
close_hw
close [ open F:/year3/Vivadolabs/Key_pad_nov20/Key_pad_nov20.srcs/sources_1/new/Password_states.vhd w ]
add_files F:/year3/Vivadolabs/Key_pad_nov20/Key_pad_nov20.srcs/sources_1/new/Password_states.vhd
update_compile_order -fileset sources_1
update_compile_order -fileset sources_1
reset_run synth_1
launch_runs impl_1 -to_step write_bitstream -jobs 3
[Wed Nov 22 20:45:36 2023] Launched synth_1...
Run output will be captured here: F:/year3/Vivadolabs/Key_pad_nov20/Key_pad_nov20.runs/synth_1/runme.log
[Wed Nov 22 20:45:36 2023] Launched impl_1...
Run output will be captured here: F:/year3/Vivadolabs/Key_pad_nov20/Key_pad_nov20.runs/impl_1/runme.log
open_hw
connect_hw_server
INFO: [Labtools 27-2285] Connecting to hw_server url TCP:localhost:3121
INFO: [Labtools 27-2222] Launching hw_server...
INFO: [Labtools 27-2221] Launch Output:

****** Xilinx hw_server v2019.1
  **** Build date : May 24 2019 at 15:13:31
    ** Copyright 1986-2019 Xilinx, Inc. All Rights Reserved.


connect_hw_server: Time (s): cpu = 00:00:00 ; elapsed = 00:00:06 . Memory (MB): peak = 2460.773 ; gain = 0.000
open_hw_target
INFO: [Labtoolstcl 44-466] Opening hw_target localhost:3121/xilinx_tcf/Digilent/210183B03A5BA
set_property PROGRAM.FILE {F:/year3/Vivadolabs/Key_pad_nov20/Key_pad_nov20.runs/impl_1/Tod_design_nov20.bit} [get_hw_devices xc7a35t_0]
current_hw_device [get_hw_devices xc7a35t_0]
refresh_hw_device -update_hw_probes false [lindex [get_hw_devices xc7a35t_0] 0]
INFO: [Labtools 27-1434] Device xc7a35t (JTAG device index = 0) is programmed with a design that has no supported debug core(s) in it.
set_property PROBES.FILE {} [get_hw_devices xc7a35t_0]
set_property FULL_PROBES.FILE {} [get_hw_devices xc7a35t_0]
set_property PROGRAM.FILE {F:/year3/Vivadolabs/Key_pad_nov20/Key_pad_nov20.runs/impl_1/Tod_design_nov20.bit} [get_hw_devices xc7a35t_0]
program_hw_devices [get_hw_devices xc7a35t_0]
INFO: [Labtools 27-3164] End of startup status: HIGH
refresh_hw_device [lindex [get_hw_devices xc7a35t_0] 0]
INFO: [Labtools 27-1434] Device xc7a35t (JTAG device index = 0) is programmed with a design that has no supported debug core(s) in it.
