#-----------------------------------------------------------
# Vivado v2019.1 (64-bit)
# SW Build 2552052 on Fri May 24 14:49:42 MDT 2019
# IP Build 2548770 on Fri May 24 18:01:18 MDT 2019
# Start of session at: Thu Nov 23 13:24:37 2023
# Process ID: 8404
# Current directory: F:/year3/Vivadolabs/Key_pad_nov22_9pm
# Command line: vivado.exe -gui_launcher_event rodinguilauncherevent9112 F:\year3\Vivadolabs\Key_pad_nov22_9pm\Key_pad_nov20.xpr
# Log file: F:/year3/Vivadolabs/Key_pad_nov22_9pm/vivado.log
# Journal file: F:/year3/Vivadolabs/Key_pad_nov22_9pm\vivado.jou
#-----------------------------------------------------------
start_gui
open_project F:/year3/Vivadolabs/Key_pad_nov22_9pm/Key_pad_nov20.xpr
INFO: [Project 1-313] Project file moved from 'F:/year3/Vivadolabs/Key_pad_nov20' since last save.
Scanning sources...
Finished scanning sources
INFO: [IP_Flow 19-234] Refreshing IP repositories
INFO: [IP_Flow 19-1704] No user IP repositories specified
INFO: [IP_Flow 19-2313] Loaded Vivado IP repository 'C:/Xilinx/Vivado/2019.1/data/ip'.
open_project: Time (s): cpu = 00:00:12 ; elapsed = 00:00:08 . Memory (MB): peak = 722.406 ; gain = 107.547
update_compile_order -fileset sources_1
reset_run impl_1 -prev_step 
launch_runs impl_1 -to_step write_bitstream -jobs 3
[Thu Nov 23 13:25:36 2023] Launched impl_1...
Run output will be captured here: F:/year3/Vivadolabs/Key_pad_nov22_9pm/Key_pad_nov20.runs/impl_1/runme.log
open_hw
connect_hw_server
INFO: [Labtools 27-2285] Connecting to hw_server url TCP:localhost:3121
open_hw_target
INFO: [Labtoolstcl 44-466] Opening hw_target localhost:3121/xilinx_tcf/Digilent/210183B03A5BA
set_property PROGRAM.FILE {F:/year3/Vivadolabs/Key_pad_nov22_9pm/Key_pad_nov20.runs/impl_1/Tod_design_nov20.bit} [get_hw_devices xc7a35t_0]
current_hw_device [get_hw_devices xc7a35t_0]
refresh_hw_device -update_hw_probes false [lindex [get_hw_devices xc7a35t_0] 0]
INFO: [Labtools 27-1434] Device xc7a35t (JTAG device index = 0) is programmed with a design that has no supported debug core(s) in it.
set_property PROBES.FILE {} [get_hw_devices xc7a35t_0]
set_property FULL_PROBES.FILE {} [get_hw_devices xc7a35t_0]
set_property PROGRAM.FILE {F:/year3/Vivadolabs/Key_pad_nov22_9pm/Key_pad_nov20.runs/impl_1/Tod_design_nov20.bit} [get_hw_devices xc7a35t_0]
program_hw_devices [get_hw_devices xc7a35t_0]
INFO: [Labtools 27-3164] End of startup status: HIGH
refresh_hw_device [lindex [get_hw_devices xc7a35t_0] 0]
INFO: [Labtools 27-1434] Device xc7a35t (JTAG device index = 0) is programmed with a design that has no supported debug core(s) in it.
ERROR: [Labtoolstcl 44-513] HW Target shutdown. Closing target: localhost:3121/xilinx_tcf/Digilent/210183B03A5BA
exit
INFO: [Common 17-206] Exiting Vivado at Thu Nov 23 18:37:08 2023...
